# JRE version: OpenJDK Runtime Environment (11.0.8+10) (build 11.0.8+10-b944.6842174)
# Java VM: OpenJDK 64-Bit Server VM (11.0.8+10-b944.6842174, mixed mode, tiered, compressed oops, g1 gc, windows-amd64)
Heap:
 garbage-first heap   total 275456K, used 162053K [0x0000000080000000, 0x0000000100000000)
  region size 1024K, 25 young (25600K), 2 survivors (2048K)
 Metaspace       used 131441K, capacity 134672K, committed 134896K, reserved 1179648K
  class space    used 15892K, capacity 17032K, committed 17100K, reserved 1048576K
GC Heap History (20 events):
Event: 1294.619 GC heap before
{Heap before GC invocations=94 (full 0):
 garbage-first heap   total 275456K, used 228118K [0x0000000080000000, 0x0000000100000000)
  region size 1024K, 107 young (109568K), 5 survivors (5120K)
 Metaspace       used 112051K, capacity 114848K, committed 114928K, reserved 1148928K
  class space    used 13775K, capacity 14758K, committed 14796K, reserved 1048576K
}
Event: 1294.787 GC heap after
{Heap after GC invocations=95 (full 0):
 garbage-first heap   total 275456K, used 130272K [0x0000000080000000, 0x0000000100000000)
  region size 1024K, 10 young (10240K), 10 survivors (10240K)
 Metaspace       used 112051K, capacity 114848K, committed 114928K, reserved 1148928K
  class space    used 13775K, capacity 14758K, committed 14796K, reserved 1048576K
}
Event: 1304.949 GC heap before
{Heap before GC invocations=95 (full 0):
 garbage-first heap   total 275456K, used 232672K [0x0000000080000000, 0x0000000100000000)
  region size 1024K, 108 young (110592K), 10 survivors (10240K)
 Metaspace       used 113855K, capacity 116725K, committed 116976K, reserved 1150976K
  class space    used 13932K, capacity 14954K, committed 15052K, reserved 1048576K
}
Event: 1305.059 GC heap after
{Heap after GC invocations=96 (full 0):
 garbage-first heap   total 275456K, used 142817K [0x0000000080000000, 0x0000000100000000)
  region size 1024K, 14 young (14336K), 14 survivors (14336K)
 Metaspace       used 113855K, capacity 116725K, committed 116976K, reserved 1150976K
  class space    used 13932K, capacity 14954K, committed 15052K, reserved 1048576K
}
Event: 1309.272 GC heap before
{Heap before GC invocations=96 (full 0):
 garbage-first heap   total 275456K, used 233953K [0x0000000080000000, 0x0000000100000000)
  region size 1024K, 96 young (98304K), 14 survivors (14336K)
 Metaspace       used 118170K, capacity 121092K, committed 121328K, reserved 1155072K
  class space    used 14257K, capacity 15289K, committed 15308K, reserved 1048576K
}
Event: 1309.330 GC heap after
{Heap after GC invocations=97 (full 0):
 garbage-first heap   total 275456K, used 145024K [0x0000000080000000, 0x0000000100000000)
  region size 1024K, 3 young (3072K), 3 survivors (3072K)
 Metaspace       used 118170K, capacity 121092K, committed 121328K, reserved 1155072K
  class space    used 14257K, capacity 15289K, committed 15308K, reserved 1048576K
}
Event: 1314.193 GC heap before
{Heap before GC invocations=97 (full 0):
 garbage-first heap   total 275456K, used 227968K [0x0000000080000000, 0x0000000100000000)
  region size 1024K, 86 young (88064K), 3 survivors (3072K)
 Metaspace       used 122608K, capacity 125588K, committed 125808K, reserved 1159168K
  class space    used 14806K, capacity 15883K, committed 15948K, reserved 1048576K
}
Event: 1314.211 GC heap after
{Heap after GC invocations=98 (full 0):
 garbage-first heap   total 275456K, used 147657K [0x0000000080000000, 0x0000000100000000)
  region size 1024K, 6 young (6144K), 6 survivors (6144K)
 Metaspace       used 122608K, capacity 125588K, committed 125808K, reserved 1159168K
  class space    used 14806K, capacity 15883K, committed 15948K, reserved 1048576K
}
Event: 1316.166 GC heap before
{Heap before GC invocations=98 (full 0):
 garbage-first heap   total 275456K, used 229577K [0x0000000080000000, 0x0000000100000000)
  region size 1024K, 87 young (89088K), 6 survivors (6144K)
 Metaspace       used 123313K, capacity 126337K, committed 126704K, reserved 1161216K
  class space    used 14895K, capacity 15951K, committed 16076K, reserved 1048576K
}
Event: 1316.198 GC heap after
{Heap after GC invocations=99 (full 0):
 garbage-first heap   total 275456K, used 150428K [0x0000000080000000, 0x0000000100000000)
  region size 1024K, 8 young (8192K), 8 survivors (8192K)
 Metaspace       used 123313K, capacity 126337K, committed 126704K, reserved 1161216K
  class space    used 14895K, capacity 15951K, committed 16076K, reserved 1048576K
}
Event: 1325.070 GC heap before
{Heap before GC invocations=99 (full 0):
 garbage-first heap   total 275456K, used 233372K [0x0000000080000000, 0x0000000100000000)
  region size 1024K, 88 young (90112K), 8 survivors (8192K)
 Metaspace       used 124873K, capacity 127968K, committed 128112K, reserved 1161216K
  class space    used 15043K, capacity 16133K, committed 16204K, reserved 1048576K
}
Event: 1325.093 GC heap after
{Heap after GC invocations=100 (full 0):
 garbage-first heap   total 275456K, used 151193K [0x0000000080000000, 0x0000000100000000)
  region size 1024K, 5 young (5120K), 5 survivors (5120K)
 Metaspace       used 124873K, capacity 127968K, committed 128112K, reserved 1161216K
  class space    used 15043K, capacity 16133K, committed 16204K, reserved 1048576K
}
Event: 1327.397 GC heap before
{Heap before GC invocations=100 (full 0):
 garbage-first heap   total 275456K, used 232089K [0x0000000080000000, 0x0000000100000000)
  region size 1024K, 85 young (87040K), 5 survivors (5120K)
 Metaspace       used 126602K, capacity 129697K, committed 129904K, reserved 1163264K
  class space    used 15248K, capacity 16338K, committed 16460K, reserved 1048576K
}
Event: 1327.449 GC heap after
{Heap after GC invocations=101 (full 0):
 garbage-first heap   total 275456K, used 169892K [0x0000000080000000, 0x0000000100000000)
  region size 1024K, 11 young (11264K), 11 survivors (11264K)
 Metaspace       used 126602K, capacity 129697K, committed 129904K, reserved 1163264K
  class space    used 15248K, capacity 16338K, committed 16460K, reserved 1048576K
}
Event: 1328.793 GC heap before
{Heap before GC invocations=101 (full 0):
 garbage-first heap   total 275456K, used 224164K [0x0000000080000000, 0x0000000100000000)
  region size 1024K, 66 young (67584K), 11 survivors (11264K)
 Metaspace       used 129619K, capacity 132850K, committed 132976K, reserved 1175552K
  class space    used 15724K, capacity 16865K, committed 16972K, reserved 1048576K
}
Event: 1328.886 GC heap after
{Heap after GC invocations=102 (full 0):
 garbage-first heap   total 275456K, used 175480K [0x0000000080000000, 0x0000000100000000)
  region size 1024K, 9 young (9216K), 9 survivors (9216K)
 Metaspace       used 129619K, capacity 132850K, committed 132976K, reserved 1175552K
  class space    used 15724K, capacity 16865K, committed 16972K, reserved 1048576K
}
Event: 1330.518 GC heap before
{Heap before GC invocations=103 (full 0):
 garbage-first heap   total 275456K, used 199032K [0x0000000080000000, 0x0000000100000000)
  region size 1024K, 50 young (51200K), 9 survivors (9216K)
 Metaspace       used 131003K, capacity 134179K, committed 134384K, reserved 1179648K
  class space    used 15876K, capacity 16998K, committed 17100K, reserved 1048576K
}
Event: 1330.663 GC heap after
{Heap after GC invocations=104 (full 0):
 garbage-first heap   total 275456K, used 159571K [0x0000000080000000, 0x0000000100000000)
  region size 1024K, 2 young (2048K), 2 survivors (2048K)
 Metaspace       used 131003K, capacity 134179K, committed 134384K, reserved 1179648K
  class space    used 15876K, capacity 16998K, committed 17100K, reserved 1048576K
}
Event: 1330.888 GC heap before
{Heap before GC invocations=104 (full 0):
 garbage-first heap   total 275456K, used 169811K [0x0000000080000000, 0x0000000100000000)
  region size 1024K, 13 young (13312K), 2 survivors (2048K)
 Metaspace       used 131273K, capacity 134467K, committed 134640K, reserved 1179648K
  class space    used 15890K, capacity 17030K, committed 17100K, reserved 1048576K
}
Event: 1330.934 GC heap after
{Heap after GC invocations=105 (full 0):
 garbage-first heap   total 275456K, used 139525K [0x0000000080000000, 0x0000000100000000)
  region size 1024K, 2 young (2048K), 2 survivors (2048K)
 Metaspace       used 131273K, capacity 134467K, committed 134640K, reserved 1179648K
  class space    used 15890K, capacity 17030K, committed 17100K, reserved 1048576K
}

